<?xml version="1.0" encoding="UTF-8"?>
<!-- Generated by org.testng.reporters.JUnitXMLReporter -->
<testsuite hostname="DESKTOP-GI3DA43" name="Default test" tests="13" failures="0" timestamp="23 Jul 2019 05:42:06 GMT" time="230.472" errors="0">
  <testcase name="adminLinkPage" time="2.862" classname="com.hrm.qa.testcases.DashBoardPageTest"/>
  <testcase name="AdminLabel" time="0.053" classname="com.hrm.qa.testcases.DashBoardPageTest"/>
  <testcase name="VerifyPIMLinkPage" time="2.359" classname="com.hrm.qa.testcases.DashBoardPageTest"/>
  <testcase name="VerifyLeaveLinkPage" time="5.796" classname="com.hrm.qa.testcases.DashBoardPageTest"/>
  <testcase name="VerifyTimeLink" time="4.504" classname="com.hrm.qa.testcases.DashBoardPageTest"/>
  <testcase name="VerifyRecruitmentLink" time="3.574" classname="com.hrm.qa.testcases.DashBoardPageTest"/>
  <testcase name="VerifyPerformanceLink" time="0.133" classname="com.hrm.qa.testcases.DashBoardPageTest"/>
  <testcase name="VerifyDashBoardLink" time="2.819" classname="com.hrm.qa.testcases.DashBoardPageTest"/>
  <testcase name="VerifyDirectoryLink" time="2.017" classname="com.hrm.qa.testcases.DashBoardPageTest"/>
  <testcase name="VerifyMaintenanceLink" time="2.122" classname="com.hrm.qa.testcases.DashBoardPageTest"/>
  <testcase name="VerifyAssignLeavelLink" time="3.835" classname="com.hrm.qa.testcases.DashBoardPageTest"/>
  <testcase name="VerifyLeaveListLink" time="1.908" classname="com.hrm.qa.testcases.DashBoardPageTest"/>
  <testcase name="VerifyTimesheetsLink" time="1.93" classname="com.hrm.qa.testcases.DashBoardPageTest"/>
</testsuite> <!-- Default test -->
